<?xml version="1.0" encoding="UTF-8"?>
<!-- Generated by org.testng.reporters.JUnitReportReporter -->
<testsuite hostname="QT-INNO-MAC00157.local" failures="0" tests="1" name="Automation.RestAssured.validateMe" time="5.945" errors="0" timestamp="24 Feb 2022 16:59:07 GMT" skipped="0">
  <testcase classname="Automation.RestAssured.validateMe" name="Login" time="5.945"/>
</testsuite> <!-- Automation.RestAssured.validateMe -->
