<?xml version="1.0" encoding="UTF-8"?>
<!-- Generated by org.testng.reporters.JUnitReportReporter -->
<testsuite hostname="QT-INNO-MAC00157.local" failures="0" tests="3" name="petStoreTest.TestReqSpecResSpec" time="4.578" errors="0" timestamp="15 Apr 2022 17:40:55 GMT" skipped="0">
  <testcase classname="petStoreTest.TestReqSpecResSpec" name="petStorePost" time="2.957"/>
  <testcase classname="petStoreTest.TestReqSpecResSpec" name="petGetAPI" time="1.519"/>
  <testcase classname="petStoreTest.TestReqSpecResSpec" name="petPostUploadFile" time="0.102"/>
</testsuite> <!-- petStoreTest.TestReqSpecResSpec -->
