<?xml version="1.0" encoding="UTF-8"?>
<!-- Generated by org.testng.reporters.JUnitReportReporter -->
<testsuite hostname="QT-INNO-MAC00157" failures="0" tests="1" name="Automation.RestAssured.validateMe" time="5.881" errors="0" timestamp="20 Mar 2022 11:10:50 GMT" skipped="0">
  <testcase classname="Automation.RestAssured.validateMe" name="Login" time="5.881"/>
</testsuite> <!-- Automation.RestAssured.validateMe -->
