<?xml version="1.0" encoding="UTF-8"?>
<!-- Generated by org.testng.reporters.JUnitReportReporter -->
<testsuite hostname="QT-INNO-MAC00157.local" failures="0" tests="3" name="petStoreTest.DataDrivenApproach" time="5.484" errors="0" timestamp="16 Apr 2022 19:25:23 GMT" skipped="0">
  <testcase classname="petStoreTest.DataDrivenApproach" name="getAPIpetStatus" time="2.609"/>
  <testcase classname="petStoreTest.DataDrivenApproach" name="getAPIpetStatus" time="1.392"/>
  <testcase classname="petStoreTest.DataDrivenApproach" name="getAPIpetStatus" time="1.483"/>
</testsuite> <!-- petStoreTest.DataDrivenApproach -->
