<?xml version="1.0" encoding="UTF-8"?>
<!-- Generated by org.testng.reporters.JUnitReportReporter -->
<testsuite hostname="QT-INNO-MAC00157.local" failures="0" tests="3" name="petStoreTest.TestingPetStoreAPIs" time="7.139" errors="0" timestamp="15 Apr 2022 16:45:34 GMT" skipped="0">
  <testcase classname="petStoreTest.TestingPetStoreAPIs" name="petStorePost" time="3.206"/>
  <testcase classname="petStoreTest.TestingPetStoreAPIs" name="petPostUploadFile" time="2.427"/>
  <testcase classname="petStoreTest.TestingPetStoreAPIs" name="petGetAPI" time="1.506"/>
</testsuite> <!-- petStoreTest.TestingPetStoreAPIs -->
